\BOOKMARK [0][-]{chapter*.1}{\376\377\004\024\004\065\004\102\004\101\004\072\004\070\004\065\000\040\004\037\004\065\004\101\004\075\004\070}{}% 1
\BOOKMARK [1][-]{section.0.1}{\376\377\004\022\004\074\004\065\004\101\004\102\004\065\000\040\004\062\004\065\004\101\004\065\004\073\004\076\000\040\004\110\004\060\004\063\004\060\004\102\004\114}{chapter*.1}% 2
\BOOKMARK [1][-]{section.0.2}{\376\377\004\023\004\076\004\073\004\103\004\061\004\076\004\070\003\006\000\040\004\062\004\060\004\063\004\076\004\075}{chapter*.1}% 3
\BOOKMARK [1][-]{section.0.3}{\376\377\004\032\004\060\004\061\004\113\000\040\004\075\004\065\000\040\004\061\004\113\004\073\004\076\000\040\004\067\004\070\004\074\004\113}{chapter*.1}% 4
\BOOKMARK [1][-]{section.0.4}{\376\377\004\032\004\100\004\113\004\073\004\060\004\102\004\113\004\065\000\040\004\072\004\060\004\107\004\065\004\073\004\070}{chapter*.1}% 5
\BOOKMARK [1][-]{section.0.5}{\376\377\004\037\004\065\004\101\004\065\004\075\004\072\004\060\000\040\004\064\004\100\004\103\004\067\004\065\004\070\003\006}{chapter*.1}% 6
\BOOKMARK [1][-]{section.0.6}{\376\377\004\037\004\100\004\065\004\072\004\100\004\060\004\101\004\075\004\076\004\065\000\040\004\064\004\060\004\073\004\065\004\072\004\076}{chapter*.1}% 7
\BOOKMARK [1][-]{section.0.7}{\376\377\004\037\004\103\004\101\004\102\004\114\000\040\004\061\004\065\004\063\004\103\004\102\000\040\004\075\004\065\004\103\004\072\004\073\004\116\004\066\004\065}{chapter*.1}% 8
\BOOKMARK [1][-]{section.0.8}{\376\377\004\041\004\065\004\100\004\065\004\075\004\060\004\064\004\060\000\040\004\042\004\100\004\103\004\061\004\060\004\064\004\103\004\100\004\060}{chapter*.1}% 9
\BOOKMARK [1][-]{section.0.9}{\376\377\004\041\004\077\004\117\004\102\000\040\004\103\004\101\004\102\004\060\004\073\004\113\004\065\000\040\004\070\004\063\004\100\004\103\004\110\004\072\004\070}{chapter*.1}% 10
\BOOKMARK [1][-]{section.0.10}{\376\377\004\043\004\073\004\113\004\061\004\072\004\060}{chapter*.1}% 11
\BOOKMARK [0][-]{section.0.10}{\376\377\004\032\004\060\004\067\004\060\004\107\004\114\004\070\000\040\004\037\004\065\004\101\004\075\004\070}{}% 12
\BOOKMARK [1][-]{section.0.11}{\376\377\004\030\004\067\000-\004\067\004\060\000\040\004\115\004\102\004\076\004\071\000\040\004\105\004\060\004\102\004\113}{section.0.10}% 13
\BOOKMARK [1][-]{section.0.12}{\376\377\004\032\004\060\004\072\004\070\004\074\000\040\004\102\004\113\000\040\004\061\004\113\004\073}{section.0.10}% 14
\BOOKMARK [1][-]{section.0.13}{\376\377\004\032\004\076\004\063\004\064\004\060\000\040\004\074\004\113\000\040\004\061\004\113\004\073\004\070\000\040\004\075\004\060\000\040\004\062\004\076\004\071\004\075\004\065}{section.0.10}% 15
\BOOKMARK [1][-]{section.0.14}{\376\377\004\033\004\116\004\061\004\076\000,\000\040\004\061\004\100\004\060\004\102\004\106\004\113\000,\000\040\004\073\004\116\004\061\004\076}{section.0.10}% 16
\BOOKMARK [1][-]{section.0.15}{\376\377\004\035\004\065\000\040\004\064\004\073\004\117\000\040\004\074\004\065\004\075\004\117}{section.0.10}% 17
\BOOKMARK [1][-]{section.0.16}{\376\377\004\036\004\071\000,\000\040\004\077\004\100\004\070\000\040\004\073\004\103\004\066\004\072\004\103\000,\000\040\004\077\004\100\004\070\000\040\004\073\004\103\004\066\004\072\004\065}{section.0.10}% 18
\BOOKMARK [1][-]{section.0.17}{\376\377\004\036\004\071\004\101\004\117\000,\000\040\004\102\004\113\000\040\004\076\004\071\004\101\004\117\000\040\000\050\004\032\004\060\004\062\004\072\004\060\004\067\004\101\004\072\004\060\004\117\000\051}{section.0.10}% 19
\BOOKMARK [1][-]{section.0.18}{\376\377\004\036\004\071\004\101\004\117\000,\000\040\004\102\004\113\000\040\004\076\004\071\004\101\004\117\000\040\000\050\004\032\004\060\004\067\004\060\004\107\004\114\004\117\000\040\004\074\004\076\004\073\004\070\004\102\004\062\004\060\000\051}{section.0.10}% 20
\BOOKMARK [1][-]{section.0.19}{\376\377\004\037\004\076\000\040\004\063\004\076\004\100\004\060\004\074\000\040\004\032\004\060\004\100\004\077\004\060\004\102\004\101\004\072\004\070\004\074}{section.0.10}% 21
\BOOKMARK [1][-]{section.0.20}{\376\377\004\037\004\076\004\065\004\067\004\064\000\040\004\103\004\105\004\076\004\064\004\070\004\102\000\040\004\064\004\060\004\073\004\065\004\072\004\076}{section.0.10}% 22
\BOOKMARK [1][-]{section.0.21}{\376\377\004\037\004\076\004\073\004\075\004\076\000\040\004\062\004\060\004\074\000\040\004\101\004\075\004\065\004\066\004\076\004\107\004\072\004\070}{section.0.10}% 23
\BOOKMARK [1][-]{section.0.22}{\376\377\004\042\004\060\004\074\000\040\004\110\004\073\004\070\000\040\004\064\004\062\004\060\000\040\004\061\004\100\004\060\004\102\004\060}{section.0.10}% 24
\BOOKMARK [1][-]{section.0.23}{\376\377\004\047\004\065\004\100\004\075\004\113\004\071\000\040\004\062\004\076\004\100\004\076\004\075}{section.0.10}% 25
\BOOKMARK [0][-]{section.0.23}{\376\377\004\035\004\060\004\100\004\076\004\064\004\075\004\113\004\065\000\040\004\037\004\065\004\101\004\075\004\070}{}% 26
\BOOKMARK [1][-]{section.0.24}{\376\377\004\020\000\040\004\072\004\102\004\076\000-\004\102\004\076\000\040\004\102\004\100\004\065\004\102\004\070\004\071}{section.0.23}% 27
\BOOKMARK [1][-]{section.0.25}{\376\377\004\020\004\105\000\040\004\102\004\113\000,\000\040\004\101\004\102\004\065\004\077\004\114\000\040\004\110\004\070\004\100\004\076\004\072\004\060\004\117}{section.0.23}% 28
\BOOKMARK [1][-]{section.0.26}{\376\377\004\020\004\105\000,\000\040\004\062\004\113\000,\000\040\004\101\004\065\004\075\004\070\000,\000\040\004\074\004\076\004\070\000\040\004\101\004\065\004\075\004\070}{section.0.23}% 29
\BOOKMARK [1][-]{section.0.27}{\376\377\004\020\004\105\000,\000\040\004\074\004\060\004\074\004\076\004\107\004\072\004\060}{section.0.23}% 30
\BOOKMARK [1][-]{section.0.28}{\376\377\004\020\004\105\000,\000\040\004\041\004\060\004\074\004\060\004\100\004\060\000-\004\023\004\076\004\100\004\076\004\064\004\076\004\072}{section.0.23}% 31
\BOOKMARK [1][-]{section.0.29}{\376\377\004\020\004\105\000,\000\040\004\101\004\103\004\064\004\114\004\061\004\060\000\040\004\074\004\076\004\117\000,\000\040\004\101\004\103\004\064\004\114\004\061\004\060}{section.0.23}% 32
\BOOKMARK [1][-]{section.0.30}{\376\377\004\021\004\060\004\100\004\113\004\075\004\117}{section.0.23}% 33
\BOOKMARK [1][-]{section.0.31}{\376\377\004\021\004\103\004\064\004\114\000\040\004\101\004\107\004\060\004\101\004\102\004\073\004\070\004\062}{section.0.23}% 34
\BOOKMARK [1][-]{section.0.32}{\376\377\004\021\004\113\004\062\004\060\004\073\004\070\000\040\004\064\004\075\004\070\000\040\004\062\004\065\004\101\004\065\004\073\004\113\004\065}{section.0.23}% 35
\BOOKMARK [1][-]{section.0.33}{\376\377\004\021\004\113\004\073\004\076\000\040\004\064\004\062\004\065\004\075\004\060\004\064\004\106\004\060\004\102\004\114\000\040\004\100\004\060\004\067\004\061\004\076\004\071\004\075\004\070\004\072\004\076\004\062}{section.0.23}% 36
\BOOKMARK [1][-]{section.0.34}{\376\377\004\022\000\040\004\100\004\076\004\111\004\065\000\040\004\077\004\065\004\073\000\040\004\101\004\076\004\073\004\076\004\062\004\103\004\110\004\072\004\060}{section.0.23}% 37
\BOOKMARK [1][-]{section.0.35}{\376\377\004\022\004\064\004\076\004\073\004\114\000\040\004\064\004\060\000\040\004\077\004\076\000\040\004\100\004\065\004\107\004\072\004\065}{section.0.23}% 38
\BOOKMARK [1][-]{section.0.36}{\376\377\004\022\004\064\004\076\004\073\004\114\000\040\004\077\004\076\000\040\004\037\004\070\004\102\004\065\004\100\004\101\004\072\004\076\004\071}{section.0.23}% 39
\BOOKMARK [1][-]{section.0.37}{\376\377\004\022\004\064\004\076\004\073\004\114\000\040\004\077\004\076\000\040\004\103\004\073\004\070\004\106\004\065\000\040\004\074\004\065\004\102\004\065\004\073\004\070\004\106\004\060\000\040\004\074\004\065\004\102\004\121\004\102}{section.0.23}% 40
\BOOKMARK [1][-]{section.0.38}{\376\377\004\022\004\065\004\102\004\100\004\065\004\075\004\075\004\113\004\071\000\040\004\064\004\065\004\075\004\114}{section.0.23}% 41
\BOOKMARK [1][-]{section.0.39}{\376\377\004\022\004\070\004\075\004\076\004\062\004\060\004\102\004\060\000\040\004\073\004\070\000\040\004\117}{section.0.23}% 42
\BOOKMARK [1][-]{section.0.40}{\376\377\004\022\004\076\000\040\004\072\004\103\004\067\004\075\004\070\004\106\004\065}{section.0.23}% 43
\BOOKMARK [1][-]{section.0.41}{\376\377\004\022\004\076\000\040\004\077\004\076\004\073\004\065\000\040\004\061\004\065\004\100\004\065\004\067\004\060\000\040\004\101\004\102\004\076\004\117\004\073\004\060}{section.0.23}% 44
\BOOKMARK [1][-]{section.0.42}{\376\377\004\022\004\076\004\102\000\040\004\072\004\102\004\076\000-\004\102\004\076\000\040\004\101\000\040\004\063\004\076\004\100\004\076\004\107\004\072\004\070\000\040\004\101\004\077\004\103\004\101\004\102\004\070\004\073\004\101\004\117}{section.0.23}% 45
\BOOKMARK [1][-]{section.0.43}{\376\377\004\022\004\113\004\071\004\064\004\103\000\040\004\075\004\060\000\040\004\103\004\073\004\070\004\106\004\103}{section.0.23}% 46
\BOOKMARK [1][-]{section.0.44}{\376\377\004\024\004\060\004\062\004\060\004\071\000,\000\040\004\064\004\100\004\103\004\066\004\076\004\072\000,\000\040\004\075\004\060\000\040\004\077\004\076\004\101\004\076\004\110\004\076\004\072}{section.0.23}% 47
\BOOKMARK [1][-]{section.0.45}{\376\377\004\026\004\070\004\062\004\065\004\102\000\040\004\074\004\076\004\117\000\040\004\076\004\102\004\100\004\060\004\064\004\060}{section.0.23}% 48
\BOOKMARK [1][-]{section.0.46}{\376\377\004\027\004\060\004\077\004\073\004\103\004\102\004\060\004\062\004\110\004\065\004\065\000\040\004\101\004\107\004\060\004\101\004\102\004\114\004\065}{section.0.23}% 49
\BOOKMARK [1][-]{section.0.47}{\376\377\004\030\000\040\004\072\004\102\004\076\000\040\004\065\004\063\004\076\000\040\004\067\004\075\004\060\004\065\004\102}{section.0.23}% 50
\BOOKMARK [1][-]{section.0.48}{\376\377\004\030\004\062\004\103\004\110\004\072\004\070}{section.0.23}% 51
\BOOKMARK [1][-]{section.0.49}{\376\377\004\030\004\067\000-\004\067\004\060\000\040\004\076\004\101\004\102\004\100\004\076\004\062\004\060\000\040\004\075\004\060\000\040\004\101\004\102\004\100\004\065\004\066\004\065\004\075\004\114}{section.0.23}% 52
\BOOKMARK [1][-]{section.0.50}{\376\377\004\032\004\060\004\072\000\040\004\105\004\076\004\102\004\065\004\073\004\060\000\040\004\074\004\065\004\075\004\117\000\040\004\074\004\060\004\102\004\114}{section.0.23}% 53
\BOOKMARK [1][-]{section.0.51}{\376\377\004\032\004\060\004\073\004\070\004\075\004\072\004\060}{section.0.23}% 54
\BOOKMARK [1][-]{section.0.52}{\376\377\004\032\004\060\004\102\004\116\004\110\004\060}{section.0.23}% 55
\BOOKMARK [1][-]{section.0.53}{\376\377\004\032\004\076\004\063\004\064\004\060\000\040\004\061\000\040\004\070\004\074\004\065\004\073\000\040\004\067\004\073\004\060\004\102\004\113\004\065\000\040\004\063\004\076\004\100\004\113}{section.0.23}% 56
\BOOKMARK [1][-]{section.0.54}{\376\377\004\032\004\076\004\063\004\064\004\060\000-\004\075\004\070\004\061\004\103\004\064\004\114}{section.0.23}% 57
\BOOKMARK [1][-]{section.0.55}{\376\377\004\032\004\076\004\100\004\076\004\061\004\065\004\071\004\075\004\070\004\072\004\070}{section.0.23}% 58
\BOOKMARK [1][-]{section.0.56}{\376\377\004\033\004\070\004\072\004\103\004\071\000\040\004\070\000\040\004\077\004\076\004\071\000\040\004\027\004\065\004\074\004\073\004\117}{section.0.23}% 59
\BOOKMARK [1][-]{section.0.57}{\376\377\004\034\004\070\004\073\004\065\004\075\004\114\004\072\004\070\004\071\000\040\004\102\004\113\000\040\004\074\004\076\004\071}{section.0.23}% 60
\BOOKMARK [1][-]{section.0.58}{\376\377\004\034\004\075\004\065\000\040\004\075\004\065\000\040\004\066\004\060\004\073\004\114\000\040\004\075\004\070\004\107\004\065\004\063\004\076}{section.0.23}% 61
\BOOKMARK [1][-]{section.0.59}{\376\377\004\034\004\076\004\101\004\072\004\062\004\060\000\040\004\067\004\073\004\060\004\102\004\076\004\063\004\073\004\060\004\062\004\060\004\117}{section.0.23}% 62
\BOOKMARK [1][-]{section.0.60}{\376\377\004\034\004\103\004\100\004\072\004\060}{section.0.23}% 63
\BOOKMARK [1][-]{section.0.61}{\376\377\004\035\004\060\000\040\004\063\004\076\004\100\004\065\000\040\004\072\004\076\004\073\004\105\004\076\004\067}{section.0.23}% 64
\BOOKMARK [1][-]{section.0.62}{\376\377\004\035\004\060\004\073\004\065\004\071\000,\000\040\004\075\004\060\004\073\004\065\004\071\000,\000\040\004\061\004\076\004\072\004\060\004\073\004\113\000\040\004\077\004\076\004\073\004\075\004\065\004\071}{section.0.23}% 65
\BOOKMARK [1][-]{section.0.63}{\376\377\004\035\004\060\004\077\004\070\004\073\004\060\004\101\004\117\000\040\004\117\000\040\004\077\004\114\004\117\004\075\004\060}{section.0.23}% 66
\BOOKMARK [1][-]{section.0.64}{\376\377\004\035\004\070\004\107\004\065\004\063\004\076\000\040\004\075\004\065\000\040\004\077\004\076\004\073\004\103\004\107\004\070\004\102\004\101\004\117}{section.0.23}% 67
\BOOKMARK [1][-]{section.0.65}{\376\377\004\035\004\076\004\062\004\076\004\063\004\076\004\064\004\075\004\117\004\117\000\040\004\075\004\076\004\107\004\114}{section.0.23}% 68
\BOOKMARK [1][-]{section.0.66}{\376\377\004\036\004\064\004\070\004\075\004\076\004\072\004\060\004\117\000\040\004\063\004\060\004\100\004\074\004\076\004\075\004\114}{section.0.23}% 69
\BOOKMARK [1][-]{section.0.67}{\376\377\004\036\004\064\004\075\004\076\004\067\004\062\004\103\004\107\004\075\004\076\000\040\004\063\004\100\004\065\004\074\004\070\004\102\000\040\004\072\004\076\004\073\004\076\004\072\004\076\004\073\004\114\004\107\004\070\004\072}{section.0.23}% 70
\BOOKMARK [1][-]{section.0.68}{\376\377\004\036\004\071\000\040\004\072\004\060\004\073\004\070\004\075\004\060}{section.0.23}% 71
\BOOKMARK [1][-]{section.0.69}{\376\377\004\036\004\071\000,\000\040\004\074\004\076\004\100\004\076\004\067\000,\000\040\004\074\004\076\004\100\004\076\004\067}{section.0.23}% 72
\BOOKMARK [1][-]{section.0.70}{\376\377\004\036\004\071\000,\000\040\004\102\004\076\000\040\004\075\004\065\000\040\004\062\004\065\004\107\004\065\004\100}{section.0.23}% 73
\BOOKMARK [1][-]{section.0.71}{\376\377\004\036\004\071\000,\000\040\004\106\004\062\004\065\004\102\004\065\004\102\000\040\004\072\004\060\004\073\004\070\004\075\004\060}{section.0.23}% 74
\BOOKMARK [1][-]{section.0.72}{\376\377\004\037\004\076\000\040\004\024\004\076\004\075\004\103\000\040\004\063\004\103\004\073\004\117\004\065\004\102}{section.0.23}% 75
\BOOKMARK [1][-]{section.0.73}{\376\377\004\037\004\076\000\040\004\074\004\076\004\100\004\117\004\074\000,\000\040\004\077\004\076\000\040\004\062\004\076\004\073\004\075\004\060\004\074}{section.0.23}% 76
\BOOKMARK [1][-]{section.0.74}{\376\377\004\037\004\076\004\064\000\040\004\076\004\072\004\075\004\076\004\074\000\040\004\107\004\065\004\100\004\121\004\074\004\103\004\105\004\060\000\040\004\072\004\076\004\073\004\113\004\110\004\065\004\102\004\101\004\117}{section.0.23}% 77
\BOOKMARK [1][-]{section.0.75}{\376\377\004\037\004\076\004\064\004\060\004\100\004\070\000,\000\040\004\061\004\065\004\100\004\121\004\067\004\072\004\060}{section.0.23}% 78
\BOOKMARK [1][-]{section.0.76}{\376\377\004\037\004\076\004\071\000,\000\040\004\063\004\070\004\102\004\060\004\100\004\060\000,\000\040\004\077\004\076\004\071}{section.0.23}% 79
\BOOKMARK [1][-]{section.0.77}{\376\377\004\037\004\076\004\071\004\064\004\103\000\040\004\073\004\114\000,\000\040\004\062\004\113\004\071\004\064\004\103\000\040\004\073\004\114\000\040\004\117}{section.0.23}% 80
\BOOKMARK [1][-]{section.0.78}{\376\377\004\037\004\107\004\065\004\073\004\076\004\107\004\072\004\060\000\040\004\067\004\073\004\060\004\102\004\060\004\117}{section.0.23}% 81
\BOOKMARK [1][-]{section.0.79}{\376\377\004\040\004\060\004\067\000,\000\040\004\064\004\062\004\060\000,\000\040\004\073\004\116\004\061\004\073\004\116\000\040\004\102\004\065\004\061\004\117}{section.0.23}% 82
\BOOKMARK [1][-]{section.0.80}{\376\377\004\040\004\076\004\064\004\070\004\075\004\060}{section.0.23}% 83
\BOOKMARK [1][-]{section.0.81}{\376\377\004\041\000\040\004\024\004\075\004\121\004\074\000\040\004\100\004\076\004\066\004\064\004\065\004\075\004\070\004\117\000!}{section.0.23}% 84
\BOOKMARK [1][-]{section.0.82}{\376\377\004\041\004\070\004\067\004\060\004\117\000\040\004\063\004\076\004\073\004\103\004\061\004\072\004\060}{section.0.23}% 85
\BOOKMARK [1][-]{section.0.83}{\376\377\004\041\004\074\004\103\004\063\004\073\004\117\004\075\004\072\004\060\000-\004\074\004\076\004\073\004\064\004\060\004\062\004\060\004\075\004\072\004\060}{section.0.23}% 86
\BOOKMARK [1][-]{section.0.84}{\376\377\004\041\004\076\004\073\004\064\004\060\004\102\004\103\004\110\004\072\004\070\000,\000\040\004\061\004\100\004\060\004\062\004\113\000\040\004\100\004\065\004\061\004\117\004\102\004\103\004\110\004\072\004\070}{section.0.23}% 87
\BOOKMARK [1][-]{section.0.85}{\376\377\004\041\004\100\004\065\004\064\004\070\000\040\004\064\004\076\004\073\004\070\004\075\004\113\000\040\004\100\004\076\004\062\004\075\004\113\004\117}{section.0.23}% 88
\BOOKMARK [1][-]{section.0.86}{\376\377\004\041\004\102\004\065\004\077\000,\000\040\004\064\004\060\000\040\004\101\004\102\004\065\004\077\000\040\004\072\004\100\004\103\004\063\004\076\004\074\000!}{section.0.23}% 89
\BOOKMARK [1][-]{section.0.87}{\376\377\004\042\004\065\004\107\004\121\004\102\000\040\004\100\004\103\004\107\004\065\004\071}{section.0.23}% 90
\BOOKMARK [1][-]{section.0.88}{\376\377\004\042\004\076\000\040\004\075\004\065\000\040\004\062\004\065\004\102\004\065\004\100\000\040\004\062\004\065\004\102\004\072\004\103\000\040\004\072\004\073\004\076\004\075\004\070\004\102}{section.0.23}% 91
\BOOKMARK [1][-]{section.0.89}{\376\377\004\042\004\076\004\075\004\072\004\060\004\117\000\040\004\100\004\117\004\061\004\070\004\075\004\060}{section.0.23}% 92
\BOOKMARK [1][-]{section.0.90}{\376\377\004\043\000\040\004\106\004\065\004\100\004\072\004\062\004\070\000\040\004\101\004\102\004\076\004\117\004\073\004\060\000\040\004\072\004\060\004\100\004\065\004\102\004\060}{section.0.23}% 93
\BOOKMARK [1][-]{section.0.91}{\376\377\004\043\004\100\004\060\004\073\004\114\004\101\004\072\004\060\004\117\000\040\004\100\004\117\004\061\004\070\004\075\004\103\004\110\004\072\004\060}{section.0.23}% 94
\BOOKMARK [1][-]{section.0.92}{\376\377\004\043\004\105\004\076\004\064\004\070\000\040\004\063\004\076\004\100\004\065}{section.0.23}% 95
\BOOKMARK [1][-]{section.0.93}{\376\377\004\050\004\070\004\100\004\076\004\072\004\060\000\040\004\100\004\065\004\072\004\060}{section.0.23}% 96
\BOOKMARK [1][-]{section.0.94}{\376\377\004\050\004\103\004\074\004\065\004\073\000\040\004\072\004\060\004\074\004\113\004\110}{section.0.23}% 97
\BOOKMARK [1][-]{section.0.95}{\376\377\004\055\004\071\000,\000\040\004\043\004\105\004\075\004\065\004\074\000!}{section.0.23}% 98
\BOOKMARK [1][-]{section.0.96}{\376\377\004\057\000\040\004\075\004\065\000\040\004\072\004\076\004\073\004\064\004\103\004\075\004\114\004\117}{section.0.23}% 99
\BOOKMARK [1][-]{section.0.97}{\376\377\004\057\000\040\004\101\004\060\004\074\004\060\000\040\004\073\004\116\004\061\004\076\004\062\004\114}{section.0.23}% 100
\BOOKMARK [0][-]{section.0.97}{\376\377\004\037\004\060\004\102\004\100\004\070\004\076\004\102\004\070\004\107\004\065\004\101\004\072\004\070\004\065\000\040\004\070\000\040\004\022\004\076\004\065\004\075\004\075\004\113\004\065\000\040\004\037\004\065\004\101\004\075\004\070}{}% 101
\BOOKMARK [1][-]{section.0.98}{\376\377\004\020\004\075\004\064\004\100\004\116\004\110\004\060}{section.0.97}% 102
\BOOKMARK [1][-]{section.0.99}{\376\377\004\021\004\076\004\066\004\065\000,\000\040\004\046\004\060\004\100\004\117\000\040\004\105\004\100\004\060\004\075\004\070\000!}{section.0.97}% 103
\BOOKMARK [1][-]{section.0.100}{\376\377\004\021\004\076\004\100\004\076\004\064\004\070\004\075\004\076}{section.0.97}% 104
\BOOKMARK [1][-]{section.0.101}{\376\377\004\022\000\040\004\067\004\065\004\074\004\073\004\117\004\075\004\072\004\065}{section.0.97}% 105
\BOOKMARK [1][-]{section.0.102}{\376\377\004\022\000\040\004\073\004\065\004\101\004\103\000\040\004\077\004\100\004\070\004\104\004\100\004\076\004\075\004\102\004\076\004\062\004\076\004\074}{section.0.97}% 106
\BOOKMARK [1][-]{section.0.103}{\376\377\004\022\004\065\004\107\004\065\004\100\000\040\004\075\004\060\000\040\004\100\004\065\004\071\004\064\004\065}{section.0.97}% 107
\BOOKMARK [1][-]{section.0.104}{\376\377\004\022\004\067\004\062\004\065\004\071\004\102\004\065\004\101\004\114\000\040\004\101\004\076\004\072\004\076\004\073\004\113\000\040\004\076\004\100\004\073\004\060\004\074\004\070}{section.0.97}% 108
\BOOKMARK [1][-]{section.0.105}{\376\377\004\022\004\101\004\102\004\060\004\075\004\114\000\040\004\067\004\060\000\040\004\022\004\065\004\100\004\103\000,\000\040\004\040\004\103\004\101\004\101\004\072\004\060\004\117\000\040\004\067\004\065\004\074\004\073\004\117\000!}{section.0.97}% 109
\BOOKMARK [1][-]{section.0.106}{\376\377\004\023\004\070\004\074\004\075\000\040\004\040\004\076\004\101\004\101\004\070\004\071\004\101\004\072\004\076\004\071\000\040\004\044\004\065\004\064\004\065\004\100\004\060\004\106\004\070\004\070}{section.0.97}% 110
\BOOKMARK [1][-]{section.0.107}{\376\377\004\023\004\100\004\103\004\101\004\102\004\075\004\113\004\065\000\040\004\070\004\062\004\113}{section.0.97}% 111
\BOOKMARK [1][-]{section.0.108}{\376\377\004\026\004\103\004\100\004\060\004\062\004\073\004\070}{section.0.97}% 112
\BOOKMARK [1][-]{section.0.109}{\376\377\004\032\004\060\004\072\000\040\004\067\004\064\004\076\004\100\004\076\004\062\004\076\000\040\004\107\004\102\004\076\000\040\004\062\004\101\004\065\000\040\004\074\004\113\000\040\004\067\004\064\004\065\004\101\004\114}{section.0.97}% 113
\BOOKMARK [1][-]{section.0.110}{\376\377\004\032\004\060\004\072\000\040\004\074\004\076\004\073\004\076\004\064\004\113\000\040\004\074\004\113\000\040\004\061\004\113\004\073\004\070}{section.0.97}% 114
\BOOKMARK [1][-]{section.0.111}{\376\377\004\032\004\076\004\074\004\061\004\060\004\102}{section.0.97}% 115
\BOOKMARK [1][-]{section.0.112}{\376\377\004\032\004\076\004\075\004\114}{section.0.97}% 116
\BOOKMARK [1][-]{section.0.113}{\376\377\004\041\004\070\004\075\004\070\004\071\000\040\004\077\004\073\004\060\004\102\004\076\004\107\004\065\004\072}{section.0.97}% 117
\BOOKMARK [1][-]{section.0.114}{\376\377\004\041\004\076\004\073\004\076\004\062\004\065\004\071\000,\000\040\004\101\004\076\004\073\004\076\004\062\004\065\004\071\000,\000\040\004\077\004\102\004\060\004\110\004\065\004\107\004\072\004\060}{section.0.97}% 118
\BOOKMARK [1][-]{section.0.115}{\376\377\004\042\004\065\004\074\004\075\004\060\004\117\000\040\004\075\004\076\004\107\004\114}{section.0.97}% 119
\BOOKMARK [0][-]{section.0.115}{\376\377\004\037\004\100\004\060\004\062\004\076\004\101\004\073\004\060\004\062\004\075\004\113\004\065\000\040\004\037\004\065\004\101\004\075\004\070}{}% 120
\BOOKMARK [1][-]{section.0.116}{\376\377\004\022\004\101\004\065\004\063\004\076\000\040\004\102\004\076\000\040\004\075\004\060\004\062\004\101\004\065\004\063\004\076}{section.0.115}% 121
\BOOKMARK [1][-]{section.0.117}{\376\377\004\022\004\114\004\116\004\075\000\040\004\075\004\060\004\064\000\040\004\062\004\076\004\064\004\076\004\070\003\006}{section.0.115}% 122
\BOOKMARK [1][-]{section.0.118}{\376\377\004\024\004\075\004\070\000\040\004\074\004\076\004\070}{section.0.115}% 123
\BOOKMARK [1][-]{section.0.119}{\376\377\004\026\004\070\004\102\004\065\004\070\003\006\004\101\004\072\004\076\004\065\000\040\004\074\004\076\004\100\004\065}{section.0.115}% 124
\BOOKMARK [1][-]{section.0.120}{\376\377\004\027\004\060\000\040\004\102\004\070\004\105\004\076\004\071\000\040\004\100\004\065\004\072\004\076\004\116}{section.0.115}% 125
\BOOKMARK [1][-]{section.0.121}{\376\377\004\034\004\076\004\073\004\070\004\102\004\062\004\060}{section.0.115}% 126
\BOOKMARK [1][-]{section.0.122}{\376\377\004\041\004\076\004\073\004\076\004\062\004\065\004\070\003\006}{section.0.115}% 127
\BOOKMARK [1][-]{section.0.123}{\376\377\004\042\004\100\004\070\000\040\004\060\004\075\004\063\004\065\004\073\004\060}{section.0.115}% 128
\BOOKMARK [0][-]{section.0.123}{\376\377\004\040\004\060\004\067\004\075\004\113\004\065\000\040\004\037\004\065\004\101\004\075\004\070}{}% 129
\BOOKMARK [1][-]{section.0.124}{\376\377\004\020\004\073\004\065\004\072\004\101\004\060\004\075\004\064\004\100\004\060}{section.0.123}% 130
\BOOKMARK [1][-]{section.0.125}{\376\377\004\021\004\065\004\073\004\113\004\065\000\040\004\100\004\076\004\067\004\113}{section.0.123}% 131
\BOOKMARK [1][-]{section.0.126}{\376\377\004\023\004\073\004\060\004\062\004\075\004\076\004\065\000\040\000-\000\040\004\107\004\102\004\076\000\040\004\065\004\101\004\102\004\114\000\040\004\102\004\113\000\040\004\103\000\040\004\074\004\065\004\075\004\117}{section.0.123}% 132
\BOOKMARK [1][-]{section.0.127}{\376\377\004\024\004\065\004\102\004\101\004\102\004\062\004\076}{section.0.123}% 133
\BOOKMARK [1][-]{section.0.128}{\376\377\004\034\004\073\004\060\004\064\004\110\004\060\004\117\000\040\004\101\004\065\004\101\004\102\004\100\004\121\004\075\004\072\004\060}{section.0.123}% 134
\BOOKMARK [1][-]{section.0.129}{\376\377\004\034\004\113\000\040\004\066\004\065\004\073\004\060\004\065\004\074\000\040\004\101\004\107\004\060\004\101\004\102\004\114\004\117\000\040\004\062\004\060\004\074}{section.0.123}% 135
\BOOKMARK [1][-]{section.0.130}{\376\377\004\035\004\060\000\040\004\102\004\065\004\077\004\073\004\076\004\105\004\076\004\064\004\065\000\040\004\074\004\103\004\067\004\113\004\072\004\060\000\040\004\070\004\063\004\100\004\060\004\065\004\102}{section.0.123}% 136
\BOOKMARK [1][-]{section.0.131}{\376\377\004\035\004\060\004\064\004\065\004\066\004\064\004\060}{section.0.123}% 137
\BOOKMARK [1][-]{section.0.132}{\376\377\004\037\004\076\004\067\004\076\004\062\004\070\000\040\004\074\004\065\004\075\004\117\000\040\004\102\004\070\004\105\004\076\000\040\004\077\004\076\000\040\004\070\004\074\004\065\004\075\004\070}{section.0.123}% 138
\BOOKMARK [1][-]{section.0.133}{\376\377\004\040\004\060\004\067\004\063\004\076\004\062\004\076\004\100\000\040\004\101\004\076\000\040\004\101\004\107\004\060\004\101\004\102\004\114\004\065\004\074}{section.0.123}% 139
\BOOKMARK [1][-]{section.0.134}{\376\377\004\042\004\060\004\074\000\040\004\067\004\060\000\040\004\102\004\103\004\074\004\060\004\075\004\060\004\074\004\070}{section.0.123}% 140
\BOOKMARK [1][-]{section.0.135}{\376\377\004\047\004\060\004\100\004\076\004\107\004\072\004\060\000\040\000\050\004\025\004\071\000\051}{section.0.123}% 141
\BOOKMARK [1][-]{section.0.136}{\376\377\004\047\004\060\004\100\004\076\004\107\004\072\004\060\000\040\000\050\004\030\004\074\000\051}{section.0.123}% 142
\BOOKMARK [1][-]{section.0.137}{\376\377\004\047\004\065\004\073\004\070\004\102\004\060}{section.0.123}% 143
\BOOKMARK [1][-]{section.0.138}{\376\377\004\047\004\065\004\100\004\075\004\113\004\065\000\040\004\063\004\073\004\060\004\067\004\060}{section.0.123}% 144
\BOOKMARK [0][-]{section.0.138}{\376\377\004\040\004\103\004\101\004\101\004\072\004\070\004\065\000\040\004\040\004\076\004\074\004\060\004\075\004\101\004\113}{}% 145
\BOOKMARK [1][-]{section.0.139}{\376\377\004\021\004\065\004\100\004\065\004\067\004\113}{section.0.138}% 146
\BOOKMARK [1][-]{section.0.140}{\376\377\004\022\004\065\004\107\004\065\004\100\004\075\004\070\004\071\000\040\004\067\004\062\004\076\004\075}{section.0.138}% 147
\BOOKMARK [1][-]{section.0.141}{\376\377\004\024\004\076\004\074\004\070\004\072\000\040\004\101\004\102\004\076\004\070\004\102\000\040\004\075\004\060\004\064\000\040\004\100\004\065\004\072\004\076\004\116}{section.0.138}% 148
\BOOKMARK [1][-]{section.0.142}{\376\377\004\024\004\076\004\100\004\076\004\063\004\076\004\071\000\040\004\064\004\073\004\070\004\075\004\075\004\076\004\116}{section.0.138}% 149
\BOOKMARK [1][-]{section.0.143}{\376\377\004\034\004\060\004\073\004\070\004\075\004\076\004\062\004\113\004\071\000\040\004\067\004\062\004\076\004\075}{section.0.138}% 150
\BOOKMARK [1][-]{section.0.144}{\376\377\004\034\004\070\004\073\004\073\004\070\004\076\004\075\000\040\004\060\004\073\004\113\004\105\000\040\004\100\004\076\004\067}{section.0.138}% 151
\BOOKMARK [1][-]{section.0.145}{\376\377\004\036\004\107\004\070\000\040\004\107\004\065\004\100\004\075\004\113\004\065}{section.0.138}% 152
\BOOKMARK [1][-]{section.0.146}{\376\377\004\037\004\076\004\064\004\074\004\076\004\101\004\072\004\076\004\062\004\075\004\113\004\065\000\040\004\062\004\065\004\107\004\065\004\100\004\060}{section.0.138}% 153
\BOOKMARK [1][-]{section.0.147}{\376\377\004\040\004\076\004\067\004\060}{section.0.138}% 154
\BOOKMARK [1][-]{section.0.148}{\376\377\004\040\004\076\004\074\004\060\004\110\004\072\004\060\000\040\004\061\004\065\004\073\004\060\004\117}{section.0.138}% 155
\BOOKMARK [1][-]{section.0.149}{\376\377\004\041\004\102\004\060\004\100\004\113\004\071\000\040\004\072\004\073\004\065\004\075}{section.0.138}% 156
\BOOKMARK [1][-]{section.0.150}{\376\377\004\042\004\076\004\077\004\076\004\073\004\117}{section.0.138}% 157
\BOOKMARK [1][-]{section.0.151}{\376\377\004\047\004\102\004\076\000\040\004\074\004\076\004\066\004\065\004\102\000\040\004\061\004\113\004\102\004\114\000\040\004\073\004\103\004\107\004\110\004\065\000\040\004\040\004\076\004\101\004\101\004\070\004\070}{section.0.138}% 158
\BOOKMARK [1][-]{section.0.152}{\376\377\004\055\004\105\000,\000\040\004\064\004\076\004\100\004\076\004\063\004\070}{section.0.138}% 159
\BOOKMARK [0][-]{section.0.152}{\376\377\004\043\004\072\004\100\004\060\004\070\004\075\004\101\004\072\004\070\004\065\000\040\004\070\000\040\004\021\004\065\004\073\004\076\004\100\004\103\004\101\004\101\004\072\004\070\004\065\000\040\004\037\004\065\004\101\004\075\004\070}{}% 160
\BOOKMARK [1][-]{section.0.153}{\376\377\004\021\004\100\004\060\004\102\004\072\004\060\000\040\004\021\004\065\004\073\004\060\004\100\004\103\004\101}{section.0.152}% 161
\BOOKMARK [1][-]{section.0.154}{\376\377\004\022\004\070\004\101\004\070\004\102\004\114\000\040\004\117\004\061\004\072\004\076\000,\000\040\004\062\004\070\004\101\004\070\004\102\004\114}{section.0.152}% 162
\BOOKMARK [1][-]{section.0.155}{\376\377\004\023\004\076\004\100\004\126\004\073\004\060\000\040\004\101\004\076\004\101\004\075\004\060\000\040\004\077\004\060\004\073\004\060\004\073\004\060}{section.0.152}% 163
\BOOKMARK [1][-]{section.0.156}{\376\377\004\027\004\060\004\101\004\062\004\070\004\101\004\102\004\060\004\073\004\070\000\040\004\072\004\076\004\067\004\060\004\107\004\065\004\075\004\114\004\072\004\070}{section.0.152}% 164
\BOOKMARK [1][-]{section.0.157}{\376\377\004\031\004\070\004\105\004\060\004\062\000\040\004\072\004\076\004\067\004\060\004\072\000\040\004\067\004\060\000\040\004\024\004\103\004\075\004\060\004\071}{section.0.152}% 165
\BOOKMARK [1][-]{section.0.158}{\376\377\004\032\004\103\004\077\004\060\004\073\000i\004\075\004\072\004\060}{section.0.152}% 166
\BOOKMARK [1][-]{section.0.159}{\376\377\004\035\004\065\004\101\004\065\000\040\004\023\004\060\004\073\004\117\000\040\004\062\004\076\004\064\004\103}{section.0.152}% 167
\BOOKMARK [1][-]{section.0.160}{\376\377\004\036\004\064\004\075\004\060\000\040\004\032\004\060\004\073\004\070\004\075\004\060}{section.0.152}% 168
\BOOKMARK [1][-]{section.0.161}{\376\377\004\036\004\070\003\006\000\040\004\105\004\074\004\060\004\100\004\070\004\102\004\114\004\101\004\117\000,\000\040\004\102\004\103\004\074\004\060\004\075\004\070\004\102\004\114\004\101\004\117}{section.0.152}% 169
\BOOKMARK [1][-]{section.0.162}{\376\377\004\036\004\070\003\006\000,\000\040\004\062\000\040\004\062\004\070\004\110\004\075\004\065\003\010\004\062\004\076\004\074\000\040\004\101\004\060\004\064\004\103}{section.0.152}% 170
\BOOKMARK [1][-]{section.0.163}{\376\377\004\040\004\076\004\067\004\077\004\100\004\117\004\063\004\060\004\070\003\006\004\102\004\065\000,\000\040\004\105\004\073\004\076\004\077\004\106\004\126\000,\000\040\004\072\004\076\004\075\004\126}{section.0.152}% 171
\BOOKMARK [1][-]{section.0.164}{\376\377\004\042\004\070\000\040\004\066\000\040\004\074\004\065\004\075\004\065\000\040\004\077\004\126\004\064\004\074\004\060\004\075\004\103\004\073\004\060}{section.0.152}% 172
\BOOKMARK [1][-]{section.0.165}{\376\377\004\047\004\065\004\100\004\062\004\076\004\075\004\060\000\040\004\100\004\103\004\102\004\060}{section.0.152}% 173
